==11418== Memcheck, a memory error detector
==11418== Copyright (C) 2002-2010, and GNU GPL'd, by Julian Seward et al.
==11418== Using Valgrind-3.7.0.SVN and LibVEX; rerun with -h for copyright info
==11418== Command: ../c-dds/src/a.out
==11418== 
==11418== 
==11418== HEAP SUMMARY:
==11418==     in use at exit: 116 bytes in 17 blocks
==11418==   total heap usage: 161 allocs, 144 frees, 5,175 bytes allocated
==11418== 
==11418== 8 bytes in 1 blocks are definitely lost in loss record 1 of 4
==11418==    at 0x48354BC: malloc (vg_replace_malloc.c:236)
==11418==    by 0xE3E7: cJSON_to_dict (parseJSON.c:405)
==11418==    by 0xE43F: cJSON_to_dict (parseJSON.c:408)
==11418==    by 0xEBD7: json_to_message (parseJSON.c:529)
==11418==    by 0x89D7: main (mem_main.c:6)
==11418== 
==11418== 12 bytes in 2 blocks are definitely lost in loss record 2 of 4
==11418==    at 0x48354BC: malloc (vg_replace_malloc.c:236)
==11418==    by 0xE37B: cJSON_to_dict (parseJSON.c:399)
==11418==    by 0xE43F: cJSON_to_dict (parseJSON.c:408)
==11418==    by 0xE43F: cJSON_to_dict (parseJSON.c:408)
==11418==    by 0xEBD7: json_to_message (parseJSON.c:529)
==11418==    by 0x89D7: main (mem_main.c:6)
==11418== 
==11418== 44 bytes in 6 blocks are definitely lost in loss record 3 of 4
==11418==    at 0x48354BC: malloc (vg_replace_malloc.c:236)
==11418==    by 0xE3E7: cJSON_to_dict (parseJSON.c:405)
==11418==    by 0xEBD7: json_to_message (parseJSON.c:529)
==11418==    by 0x89D7: main (mem_main.c:6)
==11418== 
==11418== 52 bytes in 8 blocks are definitely lost in loss record 4 of 4
==11418==    at 0x48354BC: malloc (vg_replace_malloc.c:236)
==11418==    by 0xE3E7: cJSON_to_dict (parseJSON.c:405)
==11418==    by 0xE43F: cJSON_to_dict (parseJSON.c:408)
==11418==    by 0xE43F: cJSON_to_dict (parseJSON.c:408)
==11418==    by 0xE43F: cJSON_to_dict (parseJSON.c:408)
==11418==    by 0xEBD7: json_to_message (parseJSON.c:529)
==11418==    by 0x89D7: main (mem_main.c:6)
==11418== 
==11418== LEAK SUMMARY:
==11418==    definitely lost: 116 bytes in 17 blocks
==11418==    indirectly lost: 0 bytes in 0 blocks
==11418==      possibly lost: 0 bytes in 0 blocks
==11418==    still reachable: 0 bytes in 0 blocks
==11418==         suppressed: 0 bytes in 0 blocks
==11418== 
==11418== For counts of detected and suppressed errors, rerun with: -v
==11418== ERROR SUMMARY: 4 errors from 4 contexts (suppressed: 0 from 0)
